[2025-05-15T08:01:05.514Z] === Azure IP Range Update Started ===
[2025-05-15T08:01:05.520Z] Backed up AzureChinaCloud.json to /Users/ender/Projects/azure-ip-lookup-nextjs/data/backup/2025-05-15T08-01-05-513Z
[2025-05-15T08:01:05.529Z] Backed up AzureCloud.json to /Users/ender/Projects/azure-ip-lookup-nextjs/data/backup/2025-05-15T08-01-05-513Z
[2025-05-15T08:01:05.532Z] Backed up AzureUSGovernment.json to /Users/ender/Projects/azure-ip-lookup-nextjs/data/backup/2025-05-15T08-01-05-513Z
[2025-05-15T08:01:05.536Z] Backup completed successfully
[2025-05-15T08:01:05.540Z] Starting IP data download process...
[2025-05-15T08:01:05.572Z] [DOWNLOAD] Starting Azure IP data download...
[2025-05-15T08:01:05.573Z] [DOWNLOAD] Using date format: 20250515
Processing AzureCloud...
Trying exact URL first: https://download.microsoft.com/download/7/1/d/71d86715-5596-4529-9b13-da13a5de5b63/ServiceTags_Public_20250512.json
Downloading file from https://download.microsoft.com/download/7/1/d/71d86715-5596-4529-9b13-da13a5de5b63/ServiceTags_Public_20250512.json to /Users/ender/Projects/azure-ip-lookup-nextjs/data/AzureCloud.json
[2025-05-15T08:01:05.967Z] [DOWNLOAD] Downloaded https://download.microsoft.com/download/7/1/d/71d86715-5596-4529-9b13-da13a5de5b63/ServiceTags_Public_20250512.json to /Users/ender/Projects/azure-ip-lookup-nextjs/data/AzureCloud.json
[2025-05-15T08:01:05.973Z] [DOWNLOAD] Successfully downloaded AzureCloud using exact URL
Successfully downloaded data for AzureCloud
Processing AzureChinaCloud...
Trying exact URL first: https://download.microsoft.com/download/9/d/0/9d03b7e2-4b80-4bf3-9b91-da8c7d3ee9f9/ServiceTags_China_20250512.json
Downloading file from https://download.microsoft.com/download/9/d/0/9d03b7e2-4b80-4bf3-9b91-da8c7d3ee9f9/ServiceTags_China_20250512.json to /Users/ender/Projects/azure-ip-lookup-nextjs/data/AzureChinaCloud.json
[2025-05-15T08:01:05.994Z] [DOWNLOAD] Downloaded https://download.microsoft.com/download/9/d/0/9d03b7e2-4b80-4bf3-9b91-da8c7d3ee9f9/ServiceTags_China_20250512.json to /Users/ender/Projects/azure-ip-lookup-nextjs/data/AzureChinaCloud.json
[2025-05-15T08:01:06.005Z] [DOWNLOAD] Successfully downloaded AzureChinaCloud using exact URL
Successfully downloaded data for AzureChinaCloud
Processing AzureUSGovernment...
Trying exact URL first: https://download.microsoft.com/download/6/4/d/64db03bf-895b-4173-a8b1-ba4ad5d4df22/ServiceTags_AzureGovernment_20250512.json
Downloading file from https://download.microsoft.com/download/6/4/d/64db03bf-895b-4173-a8b1-ba4ad5d4df22/ServiceTags_AzureGovernment_20250512.json to /Users/ender/Projects/azure-ip-lookup-nextjs/data/AzureUSGovernment.json
[2025-05-15T08:01:06.021Z] [DOWNLOAD] Downloaded https://download.microsoft.com/download/6/4/d/64db03bf-895b-4173-a8b1-ba4ad5d4df22/ServiceTags_AzureGovernment_20250512.json to /Users/ender/Projects/azure-ip-lookup-nextjs/data/AzureUSGovernment.json
[2025-05-15T08:01:06.031Z] [DOWNLOAD] Successfully downloaded AzureUSGovernment using exact URL
Successfully downloaded data for AzureUSGovernment
Processing AzureGermanCloud...
Exact URL did not work for AzureGermanCloud, trying dates...
Trying dates for AzureGermanCloud: 20250512, 20250515
Trying https://download.microsoft.com/download/e/6/e/e6e17e5f-0b94-4739-a6e9-7668f5fe0e37/ServiceTags_AzureGermany_20250512.json
Downloading file from https://download.microsoft.com/download/e/6/e/e6e17e5f-0b94-4739-a6e9-7668f5fe0e37/ServiceTags_AzureGermany_20250512.json to /Users/ender/Projects/azure-ip-lookup-nextjs/data/AzureGermanCloud.json
[2025-05-15T08:01:06.042Z] [DOWNLOAD] File not found at https://download.microsoft.com/download/e/6/e/e6e17e5f-0b94-4739-a6e9-7668f5fe0e37/ServiceTags_AzureGermany_20250512.json
[2025-05-15T08:01:06.050Z] [DOWNLOAD] Trying https://download.microsoft.com/download/e/6/e/e6e17e5f-0b94-4739-a6e9-7668f5fe0e37/ServiceTags_AzureGermany_20250515.json
Downloading file from https://download.microsoft.com/download/e/6/e/e6e17e5f-0b94-4739-a6e9-7668f5fe0e37/ServiceTags_AzureGermany_20250515.json to /Users/ender/Projects/azure-ip-lookup-nextjs/data/AzureGermanCloud.json
[2025-05-15T08:01:06.124Z] [DOWNLOAD] File not found at https://download.microsoft.com/download/e/6/e/e6e17e5f-0b94-4739-a6e9-7668f5fe0e37/ServiceTags_AzureGermany_20250515.json
[2025-05-15T08:01:06.138Z] [DOWNLOAD] IP data download completed with 3 successes and 1 failures
Main Azure Public cloud data is available
Script execution completed!
[2025-05-15T08:01:06.149Z] [DOWNLOAD ERROR] Failed to download data for AzureGermanCloud after trying multiple dates
[2025-05-15T08:01:06.160Z] IP data download process completed successfully
[2025-05-15T08:01:06.176Z] Validated AzureCloud.json - file is valid JSON
[2025-05-15T08:01:06.184Z] === Azure IP Range Update Completed Successfully ===
